2020-07-24 21:54:14.715 [main] DEBUG z.o2o.service.serviceImp.LocalAuthServiceImplTest - Running with Spring Boot v2.3.0.RELEASE, Spring v5.2.6.RELEASE
2020-07-24 21:54:19.214 [main] DEBUG zuoyang.o2o.dao.PersonInfoDao.queryPersonInfoById - ==>  Preparing: SELECT user_id, name, profile_img, email, gender, user_status, user_type, create_time, last_edit_time FROM tb_person_info WHERE user_id = ? 
2020-07-24 21:54:19.287 [main] DEBUG zuoyang.o2o.dao.PersonInfoDao.queryPersonInfoById - ==> Parameters: 3(Long)
2020-07-24 21:54:19.329 [main] DEBUG zuoyang.o2o.dao.PersonInfoDao.queryPersonInfoById - <==      Total: 1
2020-07-24 21:54:19.349 [main] DEBUG z.o2o.dao.LocalAuthDao.queryLocalAuthByUserId - ==>  Preparing: SELECT l.local_auth_id, l.password, l.username, l.user_id, l.create_time, l.last_edit_time, p.user_id, p.name, p.profile_img, p.email, p.gender, p.user_status, p.user_type, p.create_time, p.last_edit_time FROM tb_local_auth AS l LEFT JOIN tb_person_info AS p ON l.user_id=p.user_id WHERE l.user_id=? 
2020-07-24 21:54:19.349 [main] DEBUG z.o2o.dao.LocalAuthDao.queryLocalAuthByUserId - ==> Parameters: 3(Long)
2020-07-24 21:54:19.351 [main] DEBUG z.o2o.dao.LocalAuthDao.queryLocalAuthByUserId - <==      Total: 0
2020-07-24 21:54:19.353 [main] DEBUG zuoyang.o2o.dao.LocalAuthDao.insertLocalAuth - ==>  Preparing: INSERT INTO tb_local_auth(password, username, user_id, create_time, last_edit_time) VALUES (?, ?, ?, ?, ?) 
2020-07-24 21:54:19.357 [main] DEBUG zuoyang.o2o.dao.LocalAuthDao.insertLocalAuth - ==> Parameters: FCEA920F7412B5DA7BE0CF42B8C93759(String), test user 2(String), 3(Long), 2020-07-24 21:54:19.352(Timestamp), 2020-07-24 21:54:19.352(Timestamp)
2020-07-24 21:54:19.359 [main] DEBUG zuoyang.o2o.dao.LocalAuthDao.insertLocalAuth - <==    Updates: 1
2020-07-24 21:55:15.786 [main] DEBUG z.o2o.service.serviceImp.LocalAuthServiceImplTest - Running with Spring Boot v2.3.0.RELEASE, Spring v5.2.6.RELEASE
2020-07-24 21:55:19.247 [main] DEBUG zuoyang.o2o.dao.PersonInfoDao.queryPersonInfoById - ==>  Preparing: SELECT user_id, name, profile_img, email, gender, user_status, user_type, create_time, last_edit_time FROM tb_person_info WHERE user_id = ? 
2020-07-24 21:55:19.317 [main] DEBUG zuoyang.o2o.dao.PersonInfoDao.queryPersonInfoById - ==> Parameters: 3(Long)
2020-07-24 21:55:19.360 [main] DEBUG zuoyang.o2o.dao.PersonInfoDao.queryPersonInfoById - <==      Total: 1
2020-07-24 21:55:19.377 [main] DEBUG z.o2o.dao.LocalAuthDao.queryLocalAuthByUserId - ==>  Preparing: SELECT l.local_auth_id, l.password, l.username, l.user_id, l.create_time, l.last_edit_time, p.user_id, p.name, p.profile_img, p.email, p.gender, p.user_status, p.user_type, p.create_time, p.last_edit_time FROM tb_local_auth AS l LEFT JOIN tb_person_info AS p ON l.user_id=p.user_id WHERE l.user_id=? 
2020-07-24 21:55:19.377 [main] DEBUG z.o2o.dao.LocalAuthDao.queryLocalAuthByUserId - ==> Parameters: 3(Long)
2020-07-24 21:55:19.380 [main] DEBUG z.o2o.dao.LocalAuthDao.queryLocalAuthByUserId - <==      Total: 1
2020-07-24 22:10:52.588 [main] DEBUG z.o2o.service.serviceImp.LocalAuthServiceImplTest - Running with Spring Boot v2.3.0.RELEASE, Spring v5.2.6.RELEASE
2020-07-24 22:10:55.843 [main] DEBUG z.o.d.L.queryLocalAuthByUserNameAndPassWord - ==>  Preparing: SELECT l.local_auth_id, l.password, l.username, l.user_id, l.create_time, l.last_edit_time, p.user_id, p.name, p.profile_img, p.email, p.gender, p.user_status, p.user_type, p.create_time, p.last_edit_time FROM tb_local_auth AS l LEFT JOIN tb_person_info AS p ON l.user_id=p.user_id WHERE l.username=? AND l.password=? 
2020-07-24 22:10:55.911 [main] DEBUG z.o.d.L.queryLocalAuthByUserNameAndPassWord - ==> Parameters: test user 2(String), FCEA920F7412B5DA7BE0CF42B8C93759(String)
2020-07-24 22:10:55.955 [main] DEBUG z.o.d.L.queryLocalAuthByUserNameAndPassWord - <==      Total: 1
2020-07-24 22:19:30.380 [main] DEBUG z.o2o.service.serviceImp.LocalAuthServiceImplTest - Running with Spring Boot v2.3.0.RELEASE, Spring v5.2.6.RELEASE
2020-07-24 22:19:33.641 [main] DEBUG z.o2o.dao.LocalAuthDao.queryLocalAuthByUserId - ==>  Preparing: SELECT l.local_auth_id, l.password, l.username, l.user_id, l.create_time, l.last_edit_time, p.user_id, p.name, p.profile_img, p.email, p.gender, p.user_status, p.user_type, p.create_time, p.last_edit_time FROM tb_local_auth AS l LEFT JOIN tb_person_info AS p ON l.user_id=p.user_id WHERE l.user_id=? 
2020-07-24 22:19:33.709 [main] DEBUG z.o2o.dao.LocalAuthDao.queryLocalAuthByUserId - ==> Parameters: 3(Long)
2020-07-24 22:19:33.752 [main] DEBUG z.o2o.dao.LocalAuthDao.queryLocalAuthByUserId - <==      Total: 1
2020-07-24 22:27:05.124 [main] DEBUG z.o2o.service.serviceImp.LocalAuthServiceImplTest - Running with Spring Boot v2.3.0.RELEASE, Spring v5.2.6.RELEASE
2020-07-24 22:27:08.319 [main] DEBUG zuoyang.o2o.dao.LocalAuthDao.updateLocalAuth - ==>  Preparing: UPDATE tb_local_auth SET password=?, last_edit_time=? WHERE user_id=? AND username=? AND password=? 
2020-07-24 22:27:08.372 [main] DEBUG zuoyang.o2o.dao.LocalAuthDao.updateLocalAuth - ==> Parameters: F0898AF949A373E72A4F6A34B4DE9090(String), 2020-07-24 22:27:08.259(Timestamp), 3(Long), test user 2(String), FCEA920F7412B5DA7BE0CF42B8C93759(String)
2020-07-24 22:27:08.374 [main] DEBUG zuoyang.o2o.dao.LocalAuthDao.updateLocalAuth - <==    Updates: 1
